120
15 1436
21 996
52 988
83 969
103 945
105 928
116 654
133 652
155 614
205 589
235 576
311 322
343 572
354 377
391 396
453 562
499 532
681 927
735 923
788 918
797 821
1011 1419
1031 1227
1033 1218
1045 1204
1065 1103
1148 1197
1246 1416
1284 1354
1375 1414
1465 4996
1476 1670
1483 1582
1524 1544
1594 1658
1597 1626
1678 3985
1687 3708
1702 3690
1718 3204
1741 3177
1796 1831
1832 3172
1837 3154
1843 2149
1844 1904
1853 1860
1924 2148
1928 1983
1930 1974
2005 2043
2058 2074
2097 2126
2139 2144
2155 3100
2166 3022
2170 3010
2199 2203
2212 2961
2216 2890
2221 2832
2242 2826
2243 2676
2284 2649
2289 2457
2322 2448
2329 2397
2434 2436
2468 2578
2494 2552
2587 2611
2691 2818
2696 2713
2721 2771
2858 2868
2897 2958
3028 3097
3045 3096
3106 3108
3110 3134
3212 3645
3246 3635
3264 3285
3314 3621
3364 3593
3366 3564
3386 3480
3422 3468
3430 3438
3502 3550
3659 3686
3743 3948
3760 3922
3771 3825
3848 3892
3880 3888
3987 4085
3988 4048
4086 4168
4097 4118
4174 4990
4221 4239
4247 4972
4255 4923
4260 4917
4265 4803
4306 4353
4363 4789
4379 4389
4391 4787
4414 4611
4421 4456
4483 4511
4533 4604
4636 4781
4658 4746
4747 4752
4846 4913
4852 4893
4945 4961
